[Sat Nov 23 10:28:54.878893 2019] [ssl:warn] [pid 13996:tid 680] AH01909: localhost:443:0 server certificate does NOT include an ID which matches the server name
[Sat Nov 23 10:28:54.957017 2019] [ssl:warn] [pid 13996:tid 680] AH01909: localhost:443:0 server certificate does NOT include an ID which matches the server name
[Sat Nov 23 10:28:55.175760 2019] [mpm_winnt:notice] [pid 13996:tid 680] AH00455: Apache/2.4.41 (Win64) OpenSSL/1.1.1c PHP/7.3.10 configured -- resuming normal operations
[Sat Nov 23 10:28:55.175760 2019] [mpm_winnt:notice] [pid 13996:tid 680] AH00456: Apache Lounge VC15 Server built: Aug 11 2019 12:20:04
[Sat Nov 23 10:28:55.175760 2019] [core:notice] [pid 13996:tid 680] AH00094: Command line: 'C:\\Bitnami\\MOODLE~1.2-1\\apache2\\bin\\httpd.exe -d C:/Bitnami/moodle-3.7.2-1/apache2 -f C:\\Bitnami\\MOODLE~1.2-1\\apache2\\conf\\httpd.conf'
[Sat Nov 23 10:28:55.175760 2019] [mpm_winnt:notice] [pid 13996:tid 680] AH00418: Parent: Created child process 1968
[Sat Nov 23 10:28:55.656336 2019] [ssl:warn] [pid 1968:tid 620] AH01909: localhost:443:0 server certificate does NOT include an ID which matches the server name
[Sat Nov 23 10:28:55.734460 2019] [ssl:warn] [pid 1968:tid 620] AH01909: localhost:443:0 server certificate does NOT include an ID which matches the server name
[Sat Nov 23 10:28:55.781334 2019] [mpm_winnt:notice] [pid 1968:tid 620] AH00354: Child: Starting 64 worker threads.
[Sat Nov 23 10:29:01.911779 2019] [mpm_winnt:notice] [pid 13996:tid 680] AH00422: Parent: Received shutdown signal -- Shutting down the server.
[Sat Nov 23 10:29:03.930054 2019] [mpm_winnt:notice] [pid 1968:tid 620] AH00364: Child: All worker threads have exited.
[Sat Nov 23 10:29:03.945666 2019] [mpm_winnt:notice] [pid 13996:tid 680] AH00430: Parent: Child process 1968 exited successfully.
[Sat Nov 23 10:29:05.980852 2019] [ssl:warn] [pid 13336:tid 704] AH01909: localhost:443:0 server certificate does NOT include an ID which matches the server name
[Sat Nov 23 10:29:06.074598 2019] [ssl:warn] [pid 13336:tid 704] AH01909: localhost:443:0 server certificate does NOT include an ID which matches the server name
[Sat Nov 23 10:29:06.699584 2019] [mpm_winnt:notice] [pid 13336:tid 704] AH00455: Apache/2.4.41 (Win64) OpenSSL/1.1.1c PHP/7.3.10 configured -- resuming normal operations
[Sat Nov 23 10:29:06.699584 2019] [mpm_winnt:notice] [pid 13336:tid 704] AH00456: Apache Lounge VC15 Server built: Aug 11 2019 12:20:04
[Sat Nov 23 10:29:06.699584 2019] [core:notice] [pid 13336:tid 704] AH00094: Command line: 'C:\\Bitnami\\MOODLE~1.2-1\\apache2\\bin\\httpd.exe -d C:/Bitnami/moodle-3.7.2-1/apache2 -f C:\\Bitnami\\MOODLE~1.2-1\\apache2\\conf\\httpd.conf'
[Sat Nov 23 10:29:06.715209 2019] [mpm_winnt:notice] [pid 13336:tid 704] AH00418: Parent: Created child process 912
[Sat Nov 23 10:29:07.083518 2019] [ssl:warn] [pid 912:tid 616] AH01909: localhost:443:0 server certificate does NOT include an ID which matches the server name
[Sat Nov 23 10:29:07.177266 2019] [ssl:warn] [pid 912:tid 616] AH01909: localhost:443:0 server certificate does NOT include an ID which matches the server name
[Sat Nov 23 10:29:07.224140 2019] [mpm_winnt:notice] [pid 912:tid 616] AH00354: Child: Starting 64 worker threads.
[Sat Nov 23 10:30:30.131721 2019] [mpm_winnt:notice] [pid 13336:tid 704] AH00422: Parent: Received shutdown signal -- Shutting down the server.
[Sat Nov 23 10:30:32.150103 2019] [mpm_winnt:notice] [pid 912:tid 616] AH00364: Child: All worker threads have exited.
[Sat Nov 23 10:30:32.165721 2019] [mpm_winnt:notice] [pid 13336:tid 704] AH00430: Parent: Child process 912 exited successfully.
[Sat Nov 23 10:30:34.136220 2019] [ssl:warn] [pid 3448:tid 684] AH01909: localhost:443:0 server certificate does NOT include an ID which matches the server name
[Sat Nov 23 10:30:34.214345 2019] [ssl:warn] [pid 3448:tid 684] AH01909: localhost:443:0 server certificate does NOT include an ID which matches the server name
[Sat Nov 23 10:30:34.261218 2019] [mpm_winnt:notice] [pid 3448:tid 684] AH00455: Apache/2.4.41 (Win64) OpenSSL/1.1.1c PHP/7.3.10 configured -- resuming normal operations
[Sat Nov 23 10:30:34.261218 2019] [mpm_winnt:notice] [pid 3448:tid 684] AH00456: Apache Lounge VC15 Server built: Aug 11 2019 12:20:04
[Sat Nov 23 10:30:34.261218 2019] [core:notice] [pid 3448:tid 684] AH00094: Command line: 'C:\\Bitnami\\MOODLE~1.2-1\\apache2\\bin\\httpd.exe -d C:/Bitnami/moodle-3.7.2-1/apache2 -f C:\\Bitnami\\MOODLE~1.2-1\\apache2\\conf\\httpd.conf'
[Sat Nov 23 10:30:34.276843 2019] [mpm_winnt:notice] [pid 3448:tid 684] AH00418: Parent: Created child process 5732
[Sat Nov 23 10:30:34.752790 2019] [ssl:warn] [pid 5732:tid 612] AH01909: localhost:443:0 server certificate does NOT include an ID which matches the server name
[Sat Nov 23 10:30:34.830913 2019] [ssl:warn] [pid 5732:tid 612] AH01909: localhost:443:0 server certificate does NOT include an ID which matches the server name
[Sat Nov 23 10:30:34.893413 2019] [mpm_winnt:notice] [pid 5732:tid 612] AH00354: Child: Starting 64 worker threads.
[Sat Nov 23 15:08:31.487574 2019] [mpm_winnt:notice] [pid 3448:tid 684] AH00428: Parent: child process 5732 exited with status 3221226356 -- Restarting.
[Sat Nov 23 15:08:31.598738 2019] [ssl:warn] [pid 3448:tid 684] AH01909: localhost:443:0 server certificate does NOT include an ID which matches the server name
[Sat Nov 23 15:08:31.645742 2019] [mpm_winnt:notice] [pid 3448:tid 684] AH00455: Apache/2.4.41 (Win64) OpenSSL/1.1.1c PHP/7.3.10 configured -- resuming normal operations
[Sat Nov 23 15:08:31.645742 2019] [mpm_winnt:notice] [pid 3448:tid 684] AH00456: Apache Lounge VC15 Server built: Aug 11 2019 12:20:04
[Sat Nov 23 15:08:31.645742 2019] [core:notice] [pid 3448:tid 684] AH00094: Command line: 'C:\\Bitnami\\MOODLE~1.2-1\\apache2\\bin\\httpd.exe -d C:/Bitnami/moodle-3.7.2-1/apache2 -f C:\\Bitnami\\MOODLE~1.2-1\\apache2\\conf\\httpd.conf'
[Sat Nov 23 15:08:31.657743 2019] [mpm_winnt:notice] [pid 3448:tid 684] AH00418: Parent: Created child process 20908
[Sat Nov 23 15:08:32.051284 2019] [ssl:warn] [pid 20908:tid 568] AH01909: localhost:443:0 server certificate does NOT include an ID which matches the server name
[Sat Nov 23 15:08:32.139290 2019] [ssl:warn] [pid 20908:tid 568] AH01909: localhost:443:0 server certificate does NOT include an ID which matches the server name
[Sat Nov 23 15:08:32.188297 2019] [mpm_winnt:notice] [pid 20908:tid 568] AH00354: Child: Starting 64 worker threads.
[Sat Nov 23 15:19:44.371284 2019] [php7:notice] [pid 20908:tid 1244] [client 192.168.100.66:60384] [client 192.168.100.66]  http://192.168.100.73/moodle  Invalid Login Token:  guest  Mozilla/5.0 (iPhone; CPU iPhone OS 13_1_3 like Mac OS X) AppleWebKit/605.1.15 (KHTML, like Gecko) Version/13.0.1 Mobile/15E148 Safari/604.1, referer: http://192.168.100.73/moodle/login/index.php
[Sun Nov 24 20:59:28.847884 2019] [mpm_winnt:notice] [pid 3448:tid 684] AH00422: Parent: Received shutdown signal -- Shutting down the server.
[Sun Nov 24 20:59:30.864700 2019] [mpm_winnt:notice] [pid 20908:tid 568] AH00364: Child: All worker threads have exited.
[Sun Nov 24 20:59:30.905479 2019] [mpm_winnt:notice] [pid 3448:tid 684] AH00430: Parent: Child process 20908 exited successfully.
[Sun Nov 24 20:59:57.097071 2019] [ssl:warn] [pid 4704:tid 684] AH01909: localhost:443:0 server certificate does NOT include an ID which matches the server name
[Sun Nov 24 20:59:57.229745 2019] [ssl:warn] [pid 4704:tid 684] AH01909: localhost:443:0 server certificate does NOT include an ID which matches the server name
[Sun Nov 24 20:59:57.424828 2019] [mpm_winnt:notice] [pid 4704:tid 684] AH00455: Apache/2.4.41 (Win64) OpenSSL/1.1.1c PHP/7.3.10 configured -- resuming normal operations
[Sun Nov 24 20:59:57.424828 2019] [mpm_winnt:notice] [pid 4704:tid 684] AH00456: Apache Lounge VC15 Server built: Aug 11 2019 12:20:04
[Sun Nov 24 20:59:57.424828 2019] [core:notice] [pid 4704:tid 684] AH00094: Command line: 'C:\\Bitnami\\MOODLE~1.2-1\\apache2\\bin\\httpd.exe -d C:/Bitnami/moodle-3.7.2-1/apache2 -f C:\\Bitnami\\MOODLE~1.2-1\\apache2\\conf\\httpd.conf'
[Sun Nov 24 20:59:57.434897 2019] [mpm_winnt:notice] [pid 4704:tid 684] AH00418: Parent: Created child process 8020
[Sun Nov 24 20:59:59.654630 2019] [ssl:warn] [pid 8020:tid 592] AH01909: localhost:443:0 server certificate does NOT include an ID which matches the server name
[Sun Nov 24 20:59:59.735803 2019] [ssl:warn] [pid 8020:tid 592] AH01909: localhost:443:0 server certificate does NOT include an ID which matches the server name
[Sun Nov 24 20:59:59.800689 2019] [mpm_winnt:notice] [pid 8020:tid 592] AH00354: Child: Starting 64 worker threads.
[Wed Nov 27 16:19:40.585644 2019] [mpm_winnt:notice] [pid 4704:tid 684] AH00422: Parent: Received shutdown signal -- Shutting down the server.
[Wed Nov 27 16:19:42.602316 2019] [mpm_winnt:notice] [pid 8020:tid 592] AH00364: Child: All worker threads have exited.
[Wed Nov 27 16:19:42.641711 2019] [mpm_winnt:notice] [pid 4704:tid 684] AH00430: Parent: Child process 8020 exited successfully.
[Wed Nov 27 16:20:06.931403 2019] [ssl:warn] [pid 4448:tid 576] AH01909: localhost:443:0 server certificate does NOT include an ID which matches the server name
[Wed Nov 27 16:20:06.978292 2019] [ssl:warn] [pid 4448:tid 576] AH01909: localhost:443:0 server certificate does NOT include an ID which matches the server name
[Wed Nov 27 16:20:07.132034 2019] [mpm_winnt:notice] [pid 4448:tid 576] AH00455: Apache/2.4.41 (Win64) OpenSSL/1.1.1c PHP/7.3.10 configured -- resuming normal operations
[Wed Nov 27 16:20:07.132034 2019] [mpm_winnt:notice] [pid 4448:tid 576] AH00456: Apache Lounge VC15 Server built: Aug 11 2019 12:20:04
[Wed Nov 27 16:20:07.132034 2019] [core:notice] [pid 4448:tid 576] AH00094: Command line: 'C:\\Bitnami\\MOODLE~1.2-1\\apache2\\bin\\httpd.exe -d C:/Bitnami/moodle-3.7.2-1/apache2 -f C:\\Bitnami\\MOODLE~1.2-1\\apache2\\conf\\httpd.conf'
[Wed Nov 27 16:20:07.132034 2019] [mpm_winnt:notice] [pid 4448:tid 576] AH00418: Parent: Created child process 6584
[Wed Nov 27 16:20:07.962453 2019] [ssl:warn] [pid 6584:tid 560] AH01909: localhost:443:0 server certificate does NOT include an ID which matches the server name
[Wed Nov 27 16:20:08.068737 2019] [ssl:warn] [pid 6584:tid 560] AH01909: localhost:443:0 server certificate does NOT include an ID which matches the server name
[Wed Nov 27 16:20:08.084369 2019] [mpm_winnt:notice] [pid 6584:tid 560] AH00354: Child: Starting 64 worker threads.
[Thu Nov 28 13:01:21.020906 2019] [mpm_winnt:notice] [pid 4448:tid 576] AH00422: Parent: Received shutdown signal -- Shutting down the server.
[Thu Nov 28 13:01:23.044202 2019] [mpm_winnt:notice] [pid 6584:tid 560] AH00364: Child: All worker threads have exited.
[Thu Nov 28 13:01:23.091684 2019] [mpm_winnt:notice] [pid 4448:tid 576] AH00430: Parent: Child process 6584 exited successfully.
[Thu Nov 28 14:40:13.702382 2019] [ssl:warn] [pid 4648:tid 716] AH01909: localhost:443:0 server certificate does NOT include an ID which matches the server name
[Thu Nov 28 14:40:13.832563 2019] [ssl:warn] [pid 4648:tid 716] AH01909: localhost:443:0 server certificate does NOT include an ID which matches the server name
[Thu Nov 28 14:40:14.078517 2019] [mpm_winnt:notice] [pid 4648:tid 716] AH00455: Apache/2.4.41 (Win64) OpenSSL/1.1.1c PHP/7.3.10 configured -- resuming normal operations
[Thu Nov 28 14:40:14.078517 2019] [mpm_winnt:notice] [pid 4648:tid 716] AH00456: Apache Lounge VC15 Server built: Aug 11 2019 12:20:04
[Thu Nov 28 14:40:14.078517 2019] [core:notice] [pid 4648:tid 716] AH00094: Command line: 'C:\\Bitnami\\MOODLE~1.2-1\\apache2\\bin\\httpd.exe -d C:/Bitnami/moodle-3.7.2-1/apache2 -f C:\\Bitnami\\MOODLE~1.2-1\\apache2\\conf\\httpd.conf'
[Thu Nov 28 14:40:14.088654 2019] [mpm_winnt:notice] [pid 4648:tid 716] AH00418: Parent: Created child process 7604
[Thu Nov 28 14:40:15.637628 2019] [ssl:warn] [pid 7604:tid 652] AH01909: localhost:443:0 server certificate does NOT include an ID which matches the server name
[Thu Nov 28 14:40:15.738952 2019] [ssl:warn] [pid 7604:tid 652] AH01909: localhost:443:0 server certificate does NOT include an ID which matches the server name
[Thu Nov 28 14:40:15.810325 2019] [mpm_winnt:notice] [pid 7604:tid 652] AH00354: Child: Starting 64 worker threads.
[Mon Dec 02 23:46:12.720617 2019] [mpm_winnt:notice] [pid 4648:tid 716] AH00422: Parent: Received shutdown signal -- Shutting down the server.
[Mon Dec 02 23:46:14.749600 2019] [mpm_winnt:notice] [pid 7604:tid 652] AH00364: Child: All worker threads have exited.
[Mon Dec 02 23:46:14.850085 2019] [mpm_winnt:notice] [pid 4648:tid 716] AH00430: Parent: Child process 7604 exited successfully.
[Mon Dec 02 23:46:43.817326 2019] [ssl:warn] [pid 4664:tid 152] AH01909: localhost:443:0 server certificate does NOT include an ID which matches the server name
[Mon Dec 02 23:46:43.867725 2019] [ssl:warn] [pid 4664:tid 152] AH01909: localhost:443:0 server certificate does NOT include an ID which matches the server name
[Mon Dec 02 23:46:44.038956 2019] [mpm_winnt:notice] [pid 4664:tid 152] AH00455: Apache/2.4.41 (Win64) OpenSSL/1.1.1c PHP/7.3.10 configured -- resuming normal operations
[Mon Dec 02 23:46:44.038956 2019] [mpm_winnt:notice] [pid 4664:tid 152] AH00456: Apache Lounge VC15 Server built: Aug 11 2019 12:20:04
[Mon Dec 02 23:46:44.038956 2019] [core:notice] [pid 4664:tid 152] AH00094: Command line: 'C:\\Bitnami\\MOODLE~1.2-1\\apache2\\bin\\httpd.exe -d C:/Bitnami/moodle-3.7.2-1/apache2 -f C:\\Bitnami\\MOODLE~1.2-1\\apache2\\conf\\httpd.conf'
[Mon Dec 02 23:46:44.038956 2019] [mpm_winnt:notice] [pid 4664:tid 152] AH00418: Parent: Created child process 1812
[Mon Dec 02 23:46:44.753220 2019] [ssl:warn] [pid 1812:tid 704] AH01909: localhost:443:0 server certificate does NOT include an ID which matches the server name
[Mon Dec 02 23:46:44.806032 2019] [ssl:warn] [pid 1812:tid 704] AH01909: localhost:443:0 server certificate does NOT include an ID which matches the server name
[Mon Dec 02 23:46:44.856417 2019] [mpm_winnt:notice] [pid 1812:tid 704] AH00354: Child: Starting 64 worker threads.
[Wed Dec 04 23:45:54.402767 2019] [mpm_winnt:notice] [pid 4664:tid 152] AH00422: Parent: Received shutdown signal -- Shutting down the server.
[Wed Dec 04 23:45:56.437277 2019] [mpm_winnt:notice] [pid 1812:tid 704] AH00364: Child: All worker threads have exited.
[Wed Dec 04 23:45:56.468513 2019] [mpm_winnt:notice] [pid 4664:tid 152] AH00430: Parent: Child process 1812 exited successfully.
[Thu Dec 05 07:15:15.010855 2019] [ssl:warn] [pid 4756:tid 516] AH01909: localhost:443:0 server certificate does NOT include an ID which matches the server name
[Thu Dec 05 07:15:15.091822 2019] [ssl:warn] [pid 4756:tid 516] AH01909: localhost:443:0 server certificate does NOT include an ID which matches the server name
[Thu Dec 05 07:15:15.294615 2019] [mpm_winnt:notice] [pid 4756:tid 516] AH00455: Apache/2.4.41 (Win64) OpenSSL/1.1.1c PHP/7.3.10 configured -- resuming normal operations
[Thu Dec 05 07:15:15.294615 2019] [mpm_winnt:notice] [pid 4756:tid 516] AH00456: Apache Lounge VC15 Server built: Aug 11 2019 12:20:04
[Thu Dec 05 07:15:15.294615 2019] [core:notice] [pid 4756:tid 516] AH00094: Command line: 'C:\\Bitnami\\MOODLE~1.2-1\\apache2\\bin\\httpd.exe -d C:/Bitnami/moodle-3.7.2-1/apache2 -f C:\\Bitnami\\MOODLE~1.2-1\\apache2\\conf\\httpd.conf'
[Thu Dec 05 07:15:15.304815 2019] [mpm_winnt:notice] [pid 4756:tid 516] AH00418: Parent: Created child process 7780
[Thu Dec 05 07:15:20.958844 2019] [ssl:warn] [pid 7780:tid 656] AH01909: localhost:443:0 server certificate does NOT include an ID which matches the server name
[Thu Dec 05 07:15:21.150782 2019] [ssl:warn] [pid 7780:tid 656] AH01909: localhost:443:0 server certificate does NOT include an ID which matches the server name
[Thu Dec 05 07:15:22.069929 2019] [mpm_winnt:notice] [pid 7780:tid 656] AH00354: Child: Starting 64 worker threads.
[Wed Dec 11 07:51:48.058900 2019] [mpm_winnt:notice] [pid 4756:tid 516] AH00422: Parent: Received shutdown signal -- Shutting down the server.
[Wed Dec 11 07:51:50.086365 2019] [mpm_winnt:notice] [pid 7780:tid 656] AH00364: Child: All worker threads have exited.
[Wed Dec 11 07:51:50.230195 2019] [mpm_winnt:notice] [pid 4756:tid 516] AH00430: Parent: Child process 7780 exited successfully.
[Wed Dec 11 07:52:19.176233 2019] [ssl:warn] [pid 4464:tid 560] AH01909: localhost:443:0 server certificate does NOT include an ID which matches the server name
[Wed Dec 11 07:52:19.257616 2019] [ssl:warn] [pid 4464:tid 560] AH01909: localhost:443:0 server certificate does NOT include an ID which matches the server name
[Wed Dec 11 07:52:19.478870 2019] [mpm_winnt:notice] [pid 4464:tid 560] AH00455: Apache/2.4.41 (Win64) OpenSSL/1.1.1c PHP/7.3.10 configured -- resuming normal operations
[Wed Dec 11 07:52:19.478870 2019] [mpm_winnt:notice] [pid 4464:tid 560] AH00456: Apache Lounge VC15 Server built: Aug 11 2019 12:20:04
[Wed Dec 11 07:52:19.478870 2019] [core:notice] [pid 4464:tid 560] AH00094: Command line: 'C:\\Bitnami\\MOODLE~1.2-1\\apache2\\bin\\httpd.exe -d C:/Bitnami/moodle-3.7.2-1/apache2 -f C:\\Bitnami\\MOODLE~1.2-1\\apache2\\conf\\httpd.conf'
[Wed Dec 11 07:52:19.491237 2019] [mpm_winnt:notice] [pid 4464:tid 560] AH00418: Parent: Created child process 7500
[Wed Dec 11 07:52:22.135330 2019] [ssl:warn] [pid 7500:tid 520] AH01909: localhost:443:0 server certificate does NOT include an ID which matches the server name
[Wed Dec 11 07:52:22.224503 2019] [ssl:warn] [pid 7500:tid 520] AH01909: localhost:443:0 server certificate does NOT include an ID which matches the server name
[Wed Dec 11 07:52:22.305508 2019] [mpm_winnt:notice] [pid 7500:tid 520] AH00354: Child: Starting 64 worker threads.
[Wed Dec 11 08:36:47.065576 2019] [mpm_winnt:notice] [pid 4464:tid 560] AH00422: Parent: Received shutdown signal -- Shutting down the server.
[Wed Dec 11 08:36:49.098760 2019] [mpm_winnt:notice] [pid 7500:tid 520] AH00364: Child: All worker threads have exited.
[Wed Dec 11 08:36:49.124376 2019] [mpm_winnt:notice] [pid 4464:tid 560] AH00430: Parent: Child process 7500 exited successfully.
[Wed Dec 11 08:37:11.034873 2019] [ssl:warn] [pid 4588:tid 692] AH01909: localhost:443:0 server certificate does NOT include an ID which matches the server name
[Wed Dec 11 08:37:11.085217 2019] [ssl:warn] [pid 4588:tid 692] AH01909: localhost:443:0 server certificate does NOT include an ID which matches the server name
[Wed Dec 11 08:37:11.257043 2019] [mpm_winnt:notice] [pid 4588:tid 692] AH00455: Apache/2.4.41 (Win64) OpenSSL/1.1.1c PHP/7.3.10 configured -- resuming normal operations
[Wed Dec 11 08:37:11.257043 2019] [mpm_winnt:notice] [pid 4588:tid 692] AH00456: Apache Lounge VC15 Server built: Aug 11 2019 12:20:04
[Wed Dec 11 08:37:11.257043 2019] [core:notice] [pid 4588:tid 692] AH00094: Command line: 'C:\\Bitnami\\MOODLE~1.2-1\\apache2\\bin\\httpd.exe -d C:/Bitnami/moodle-3.7.2-1/apache2 -f C:\\Bitnami\\MOODLE~1.2-1\\apache2\\conf\\httpd.conf'
[Wed Dec 11 08:37:11.277122 2019] [mpm_winnt:notice] [pid 4588:tid 692] AH00418: Parent: Created child process 2472
[Wed Dec 11 08:37:15.471363 2019] [ssl:warn] [pid 2472:tid 728] AH01909: localhost:443:0 server certificate does NOT include an ID which matches the server name
[Wed Dec 11 08:37:15.521552 2019] [ssl:warn] [pid 2472:tid 728] AH01909: localhost:443:0 server certificate does NOT include an ID which matches the server name
[Wed Dec 11 08:37:15.961411 2019] [mpm_winnt:notice] [pid 2472:tid 728] AH00354: Child: Starting 64 worker threads.
[Wed Dec 11 09:56:52.582826 2019] [mpm_winnt:notice] [pid 4588:tid 692] AH00422: Parent: Received shutdown signal -- Shutting down the server.
[Wed Dec 11 09:56:54.606194 2019] [mpm_winnt:notice] [pid 2472:tid 728] AH00364: Child: All worker threads have exited.
[Wed Dec 11 09:56:54.621824 2019] [mpm_winnt:notice] [pid 4588:tid 692] AH00430: Parent: Child process 2472 exited successfully.
[Wed Dec 11 09:57:17.203417 2019] [ssl:warn] [pid 4624:tid 580] AH01909: localhost:443:0 server certificate does NOT include an ID which matches the server name
[Wed Dec 11 09:57:17.254044 2019] [ssl:warn] [pid 4624:tid 580] AH01909: localhost:443:0 server certificate does NOT include an ID which matches the server name
[Wed Dec 11 09:57:17.435555 2019] [mpm_winnt:notice] [pid 4624:tid 580] AH00455: Apache/2.4.41 (Win64) OpenSSL/1.1.1c PHP/7.3.10 configured -- resuming normal operations
[Wed Dec 11 09:57:17.435555 2019] [mpm_winnt:notice] [pid 4624:tid 580] AH00456: Apache Lounge VC15 Server built: Aug 11 2019 12:20:04
[Wed Dec 11 09:57:17.435555 2019] [core:notice] [pid 4624:tid 580] AH00094: Command line: 'C:\\Bitnami\\MOODLE~1.2-1\\apache2\\bin\\httpd.exe -d C:/Bitnami/moodle-3.7.2-1/apache2 -f C:\\Bitnami\\MOODLE~1.2-1\\apache2\\conf\\httpd.conf'
[Wed Dec 11 09:57:17.435555 2019] [mpm_winnt:notice] [pid 4624:tid 580] AH00418: Parent: Created child process 7472
[Wed Dec 11 09:57:18.102234 2019] [ssl:warn] [pid 7472:tid 684] AH01909: localhost:443:0 server certificate does NOT include an ID which matches the server name
[Wed Dec 11 09:57:18.153361 2019] [ssl:warn] [pid 7472:tid 684] AH01909: localhost:443:0 server certificate does NOT include an ID which matches the server name
[Wed Dec 11 09:57:18.214107 2019] [mpm_winnt:notice] [pid 7472:tid 684] AH00354: Child: Starting 64 worker threads.
[Thu Dec 12 11:18:16.152427 2019] [mpm_winnt:notice] [pid 4624:tid 580] AH00422: Parent: Received shutdown signal -- Shutting down the server.
[Thu Dec 12 11:18:18.177629 2019] [mpm_winnt:notice] [pid 7472:tid 684] AH00364: Child: All worker threads have exited.
[Thu Dec 12 11:18:18.224105 2019] [mpm_winnt:notice] [pid 4624:tid 580] AH00430: Parent: Child process 7472 exited successfully.
[Fri Dec 13 07:14:01.250859 2019] [ssl:warn] [pid 4404:tid 676] AH01909: localhost:443:0 server certificate does NOT include an ID which matches the server name
[Fri Dec 13 07:14:01.329016 2019] [ssl:warn] [pid 4404:tid 676] AH01909: localhost:443:0 server certificate does NOT include an ID which matches the server name
[Fri Dec 13 07:14:01.529637 2019] [mpm_winnt:notice] [pid 4404:tid 676] AH00455: Apache/2.4.41 (Win64) OpenSSL/1.1.1c PHP/7.3.10 configured -- resuming normal operations
[Fri Dec 13 07:14:01.529637 2019] [mpm_winnt:notice] [pid 4404:tid 676] AH00456: Apache Lounge VC15 Server built: Aug 11 2019 12:20:04
[Fri Dec 13 07:14:01.529637 2019] [core:notice] [pid 4404:tid 676] AH00094: Command line: 'C:\\Bitnami\\MOODLE~1.2-1\\apache2\\bin\\httpd.exe -d C:/Bitnami/moodle-3.7.2-1/apache2 -f C:\\Bitnami\\MOODLE~1.2-1\\apache2\\conf\\httpd.conf'
[Fri Dec 13 07:14:01.545270 2019] [mpm_winnt:notice] [pid 4404:tid 676] AH00418: Parent: Created child process 6456
[Fri Dec 13 07:14:02.493374 2019] [ssl:warn] [pid 6456:tid 652] AH01909: localhost:443:0 server certificate does NOT include an ID which matches the server name
[Fri Dec 13 07:14:02.576388 2019] [ssl:warn] [pid 6456:tid 652] AH01909: localhost:443:0 server certificate does NOT include an ID which matches the server name
[Fri Dec 13 07:14:02.625020 2019] [mpm_winnt:notice] [pid 6456:tid 652] AH00354: Child: Starting 64 worker threads.
[Sat Dec 14 12:55:06.472215 2019] [mpm_winnt:notice] [pid 4404:tid 676] AH00422: Parent: Received shutdown signal -- Shutting down the server.
[Sat Dec 14 12:55:08.492623 2019] [mpm_winnt:notice] [pid 6456:tid 652] AH00364: Child: All worker threads have exited.
[Sat Dec 14 12:55:08.530307 2019] [mpm_winnt:notice] [pid 4404:tid 676] AH00430: Parent: Child process 6456 exited successfully.
[Sat Dec 14 12:55:33.175819 2019] [ssl:warn] [pid 4200:tid 684] AH01909: localhost:443:0 server certificate does NOT include an ID which matches the server name
[Sat Dec 14 12:55:33.260491 2019] [ssl:warn] [pid 4200:tid 684] AH01909: localhost:443:0 server certificate does NOT include an ID which matches the server name
[Sat Dec 14 12:55:33.492375 2019] [mpm_winnt:notice] [pid 4200:tid 684] AH00455: Apache/2.4.41 (Win64) OpenSSL/1.1.1c PHP/7.3.10 configured -- resuming normal operations
[Sat Dec 14 12:55:33.492375 2019] [mpm_winnt:notice] [pid 4200:tid 684] AH00456: Apache Lounge VC15 Server built: Aug 11 2019 12:20:04
[Sat Dec 14 12:55:33.492375 2019] [core:notice] [pid 4200:tid 684] AH00094: Command line: 'C:\\Bitnami\\MOODLE~1.2-1\\apache2\\bin\\httpd.exe -d C:/Bitnami/moodle-3.7.2-1/apache2 -f C:\\Bitnami\\MOODLE~1.2-1\\apache2\\conf\\httpd.conf'
[Sat Dec 14 12:55:33.508006 2019] [mpm_winnt:notice] [pid 4200:tid 684] AH00418: Parent: Created child process 6388
[Sat Dec 14 12:55:34.969996 2019] [ssl:warn] [pid 6388:tid 644] AH01909: localhost:443:0 server certificate does NOT include an ID which matches the server name
[Sat Dec 14 12:55:35.091898 2019] [ssl:warn] [pid 6388:tid 644] AH01909: localhost:443:0 server certificate does NOT include an ID which matches the server name
[Sat Dec 14 12:55:35.234320 2019] [mpm_winnt:notice] [pid 6388:tid 644] AH00354: Child: Starting 64 worker threads.
[Sat Dec 14 13:33:46.711522 2019] [mpm_winnt:notice] [pid 4200:tid 684] AH00422: Parent: Received shutdown signal -- Shutting down the server.
[Sat Dec 14 13:33:48.731514 2019] [mpm_winnt:notice] [pid 6388:tid 644] AH00364: Child: All worker threads have exited.
[Sat Dec 14 13:33:48.757830 2019] [mpm_winnt:notice] [pid 4200:tid 684] AH00430: Parent: Child process 6388 exited successfully.
[Sat Dec 14 13:34:11.095973 2019] [ssl:warn] [pid 4376:tid 712] AH01909: localhost:443:0 server certificate does NOT include an ID which matches the server name
[Sat Dec 14 13:34:11.141718 2019] [ssl:warn] [pid 4376:tid 712] AH01909: localhost:443:0 server certificate does NOT include an ID which matches the server name
[Sat Dec 14 13:34:11.326616 2019] [mpm_winnt:notice] [pid 4376:tid 712] AH00455: Apache/2.4.41 (Win64) OpenSSL/1.1.1c PHP/7.3.10 configured -- resuming normal operations
[Sat Dec 14 13:34:11.326616 2019] [mpm_winnt:notice] [pid 4376:tid 712] AH00456: Apache Lounge VC15 Server built: Aug 11 2019 12:20:04
[Sat Dec 14 13:34:11.326616 2019] [core:notice] [pid 4376:tid 712] AH00094: Command line: 'C:\\Bitnami\\MOODLE~1.2-1\\apache2\\bin\\httpd.exe -d C:/Bitnami/moodle-3.7.2-1/apache2 -f C:\\Bitnami\\MOODLE~1.2-1\\apache2\\conf\\httpd.conf'
[Sat Dec 14 13:34:11.326616 2019] [mpm_winnt:notice] [pid 4376:tid 712] AH00418: Parent: Created child process 6852
[Sat Dec 14 13:34:12.114800 2019] [ssl:warn] [pid 6852:tid 640] AH01909: localhost:443:0 server certificate does NOT include an ID which matches the server name
[Sat Dec 14 13:34:12.173255 2019] [ssl:warn] [pid 6852:tid 640] AH01909: localhost:443:0 server certificate does NOT include an ID which matches the server name
[Sat Dec 14 13:34:12.203497 2019] [mpm_winnt:notice] [pid 6852:tid 640] AH00354: Child: Starting 64 worker threads.
[Sun Dec 15 09:01:23.983079 2019] [mpm_winnt:notice] [pid 4376:tid 712] AH00422: Parent: Received shutdown signal -- Shutting down the server.
[Sun Dec 15 09:01:26.012450 2019] [mpm_winnt:notice] [pid 6852:tid 640] AH00364: Child: All worker threads have exited.
[Sun Dec 15 09:01:26.051527 2019] [mpm_winnt:notice] [pid 4376:tid 712] AH00430: Parent: Child process 6852 exited successfully.
[Sun Dec 15 09:01:47.092728 2019] [ssl:warn] [pid 4704:tid 660] AH01909: localhost:443:0 server certificate does NOT include an ID which matches the server name
[Sun Dec 15 09:01:47.153236 2019] [ssl:warn] [pid 4704:tid 660] AH01909: localhost:443:0 server certificate does NOT include an ID which matches the server name
[Sun Dec 15 09:01:47.334538 2019] [mpm_winnt:notice] [pid 4704:tid 660] AH00455: Apache/2.4.41 (Win64) OpenSSL/1.1.1c PHP/7.3.10 configured -- resuming normal operations
[Sun Dec 15 09:01:47.334538 2019] [mpm_winnt:notice] [pid 4704:tid 660] AH00456: Apache Lounge VC15 Server built: Aug 11 2019 12:20:04
[Sun Dec 15 09:01:47.334538 2019] [core:notice] [pid 4704:tid 660] AH00094: Command line: 'C:\\Bitnami\\MOODLE~1.2-1\\apache2\\bin\\httpd.exe -d C:/Bitnami/moodle-3.7.2-1/apache2 -f C:\\Bitnami\\MOODLE~1.2-1\\apache2\\conf\\httpd.conf'
[Sun Dec 15 09:01:47.344587 2019] [mpm_winnt:notice] [pid 4704:tid 660] AH00418: Parent: Created child process 7760
[Sun Dec 15 09:01:49.689570 2019] [ssl:warn] [pid 7760:tid 572] AH01909: localhost:443:0 server certificate does NOT include an ID which matches the server name
[Sun Dec 15 09:01:49.739479 2019] [ssl:warn] [pid 7760:tid 572] AH01909: localhost:443:0 server certificate does NOT include an ID which matches the server name
[Sun Dec 15 09:01:49.790413 2019] [mpm_winnt:notice] [pid 7760:tid 572] AH00354: Child: Starting 64 worker threads.
[Tue Dec 17 17:55:39.288790 2019] [mpm_winnt:notice] [pid 4704:tid 660] AH00422: Parent: Received shutdown signal -- Shutting down the server.
[Tue Dec 17 17:55:41.320837 2019] [mpm_winnt:notice] [pid 7760:tid 572] AH00364: Child: All worker threads have exited.
[Tue Dec 17 17:55:41.359709 2019] [mpm_winnt:notice] [pid 4704:tid 660] AH00430: Parent: Child process 7760 exited successfully.
[Wed Dec 18 08:26:48.885377 2019] [ssl:warn] [pid 4820:tid 752] AH01909: localhost:443:0 server certificate does NOT include an ID which matches the server name
[Wed Dec 18 08:26:48.986674 2019] [ssl:warn] [pid 4820:tid 752] AH01909: localhost:443:0 server certificate does NOT include an ID which matches the server name
[Wed Dec 18 08:26:49.199871 2019] [mpm_winnt:notice] [pid 4820:tid 752] AH00455: Apache/2.4.41 (Win64) OpenSSL/1.1.1c PHP/7.3.10 configured -- resuming normal operations
[Wed Dec 18 08:26:49.199871 2019] [mpm_winnt:notice] [pid 4820:tid 752] AH00456: Apache Lounge VC15 Server built: Aug 11 2019 12:20:04
[Wed Dec 18 08:26:49.199871 2019] [core:notice] [pid 4820:tid 752] AH00094: Command line: 'C:\\Bitnami\\MOODLE~1.2-1\\apache2\\bin\\httpd.exe -d C:/Bitnami/moodle-3.7.2-1/apache2 -f C:\\Bitnami\\MOODLE~1.2-1\\apache2\\conf\\httpd.conf'
[Wed Dec 18 08:26:49.209974 2019] [mpm_winnt:notice] [pid 4820:tid 752] AH00418: Parent: Created child process 8100
[Wed Dec 18 08:26:52.414713 2019] [ssl:warn] [pid 8100:tid 544] AH01909: localhost:443:0 server certificate does NOT include an ID which matches the server name
[Wed Dec 18 08:26:52.528628 2019] [ssl:warn] [pid 8100:tid 544] AH01909: localhost:443:0 server certificate does NOT include an ID which matches the server name
[Wed Dec 18 08:26:52.582052 2019] [mpm_winnt:notice] [pid 8100:tid 544] AH00354: Child: Starting 64 worker threads.
[Wed Dec 18 08:53:59.686456 2019] [mpm_winnt:notice] [pid 4820:tid 752] AH00422: Parent: Received shutdown signal -- Shutting down the server.
[Wed Dec 18 08:54:01.733930 2019] [mpm_winnt:notice] [pid 8100:tid 544] AH00364: Child: All worker threads have exited.
[Wed Dec 18 08:54:01.764656 2019] [mpm_winnt:notice] [pid 4820:tid 752] AH00430: Parent: Child process 8100 exited successfully.
[Wed Dec 18 19:30:07.122431 2019] [ssl:warn] [pid 4672:tid 584] AH01909: localhost:443:0 server certificate does NOT include an ID which matches the server name
[Wed Dec 18 19:30:07.227138 2019] [ssl:warn] [pid 4672:tid 584] AH01909: localhost:443:0 server certificate does NOT include an ID which matches the server name
[Wed Dec 18 19:30:07.440410 2019] [mpm_winnt:notice] [pid 4672:tid 584] AH00455: Apache/2.4.41 (Win64) OpenSSL/1.1.1c PHP/7.3.10 configured -- resuming normal operations
[Wed Dec 18 19:30:07.440410 2019] [mpm_winnt:notice] [pid 4672:tid 584] AH00456: Apache Lounge VC15 Server built: Aug 11 2019 12:20:04
[Wed Dec 18 19:30:07.440410 2019] [core:notice] [pid 4672:tid 584] AH00094: Command line: 'C:\\Bitnami\\MOODLE~1.2-1\\apache2\\bin\\httpd.exe -d C:/Bitnami/moodle-3.7.2-1/apache2 -f C:\\Bitnami\\MOODLE~1.2-1\\apache2\\conf\\httpd.conf'
[Wed Dec 18 19:30:07.450623 2019] [mpm_winnt:notice] [pid 4672:tid 584] AH00418: Parent: Created child process 7884
[Wed Dec 18 19:30:10.472064 2019] [ssl:warn] [pid 7884:tid 712] AH01909: localhost:443:0 server certificate does NOT include an ID which matches the server name
[Wed Dec 18 19:30:13.090227 2019] [ssl:warn] [pid 7884:tid 712] AH01909: localhost:443:0 server certificate does NOT include an ID which matches the server name
[Wed Dec 18 19:30:13.933168 2019] [mpm_winnt:notice] [pid 7884:tid 712] AH00354: Child: Starting 64 worker threads.
[Wed Dec 18 19:35:06.570770 2019] [mpm_winnt:notice] [pid 4672:tid 584] AH00422: Parent: Received shutdown signal -- Shutting down the server.
[Wed Dec 18 19:35:08.596532 2019] [mpm_winnt:notice] [pid 7884:tid 712] AH00364: Child: All worker threads have exited.
[Wed Dec 18 19:35:08.623274 2019] [mpm_winnt:notice] [pid 4672:tid 584] AH00430: Parent: Child process 7884 exited successfully.
[Thu Dec 19 21:45:10.900552 2019] [ssl:warn] [pid 4932:tid 160] AH01909: localhost:443:0 server certificate does NOT include an ID which matches the server name
[Thu Dec 19 21:45:10.992074 2019] [ssl:warn] [pid 4932:tid 160] AH01909: localhost:443:0 server certificate does NOT include an ID which matches the server name
[Thu Dec 19 21:45:11.263984 2019] [mpm_winnt:notice] [pid 4932:tid 160] AH00455: Apache/2.4.41 (Win64) OpenSSL/1.1.1c PHP/7.3.10 configured -- resuming normal operations
[Thu Dec 19 21:45:11.263984 2019] [mpm_winnt:notice] [pid 4932:tid 160] AH00456: Apache Lounge VC15 Server built: Aug 11 2019 12:20:04
[Thu Dec 19 21:45:11.263984 2019] [core:notice] [pid 4932:tid 160] AH00094: Command line: 'C:\\Bitnami\\MOODLE~1.2-1\\apache2\\bin\\httpd.exe -d C:/Bitnami/moodle-3.7.2-1/apache2 -f C:\\Bitnami\\MOODLE~1.2-1\\apache2\\conf\\httpd.conf'
[Thu Dec 19 21:45:11.266028 2019] [mpm_winnt:notice] [pid 4932:tid 160] AH00418: Parent: Created child process 7816
[Thu Dec 19 21:45:14.267685 2019] [ssl:warn] [pid 7816:tid 700] AH01909: localhost:443:0 server certificate does NOT include an ID which matches the server name
[Thu Dec 19 21:45:14.352364 2019] [ssl:warn] [pid 7816:tid 700] AH01909: localhost:443:0 server certificate does NOT include an ID which matches the server name
[Thu Dec 19 21:45:14.414882 2019] [mpm_winnt:notice] [pid 7816:tid 700] AH00354: Child: Starting 64 worker threads.
[Fri Dec 20 23:27:26.370731 2019] [ssl:warn] [pid 4356:tid 528] AH01909: localhost:443:0 server certificate does NOT include an ID which matches the server name
[Fri Dec 20 23:27:26.439780 2019] [core:warn] [pid 4356:tid 528] AH00098: pid file C:/Bitnami/moodle-3.7.2-1/apache2/logs/httpd.pid overwritten -- Unclean shutdown of previous Apache run?
[Fri Dec 20 23:27:26.455409 2019] [ssl:warn] [pid 4356:tid 528] AH01909: localhost:443:0 server certificate does NOT include an ID which matches the server name
[Fri Dec 20 23:27:26.787622 2019] [mpm_winnt:notice] [pid 4356:tid 528] AH00455: Apache/2.4.41 (Win64) OpenSSL/1.1.1c PHP/7.3.10 configured -- resuming normal operations
[Fri Dec 20 23:27:26.787622 2019] [mpm_winnt:notice] [pid 4356:tid 528] AH00456: Apache Lounge VC15 Server built: Aug 11 2019 12:20:04
[Fri Dec 20 23:27:26.787622 2019] [core:notice] [pid 4356:tid 528] AH00094: Command line: 'C:\\Bitnami\\MOODLE~1.2-1\\apache2\\bin\\httpd.exe -d C:/Bitnami/moodle-3.7.2-1/apache2 -f C:\\Bitnami\\MOODLE~1.2-1\\apache2\\conf\\httpd.conf'
[Fri Dec 20 23:27:26.803254 2019] [mpm_winnt:notice] [pid 4356:tid 528] AH00418: Parent: Created child process 6252
[Fri Dec 20 23:27:27.940112 2019] [ssl:warn] [pid 6252:tid 632] AH01909: localhost:443:0 server certificate does NOT include an ID which matches the server name
[Fri Dec 20 23:27:28.052690 2019] [ssl:warn] [pid 6252:tid 632] AH01909: localhost:443:0 server certificate does NOT include an ID which matches the server name
[Fri Dec 20 23:27:28.144317 2019] [mpm_winnt:notice] [pid 6252:tid 632] AH00354: Child: Starting 64 worker threads.
[Mon Dec 23 13:59:45.295306 2019] [mpm_winnt:notice] [pid 4356:tid 528] AH00422: Parent: Received shutdown signal -- Shutting down the server.
[Mon Dec 23 13:59:47.320641 2019] [mpm_winnt:notice] [pid 6252:tid 632] AH00364: Child: All worker threads have exited.
[Mon Dec 23 13:59:47.373538 2019] [mpm_winnt:notice] [pid 4356:tid 528] AH00430: Parent: Child process 6252 exited successfully.
[Thu Dec 26 22:40:23.921317 2019] [ssl:warn] [pid 4492:tid 688] AH01909: localhost:443:0 server certificate does NOT include an ID which matches the server name
[Thu Dec 26 22:40:23.992967 2019] [ssl:warn] [pid 4492:tid 688] AH01909: localhost:443:0 server certificate does NOT include an ID which matches the server name
[Thu Dec 26 22:40:24.215828 2019] [mpm_winnt:notice] [pid 4492:tid 688] AH00455: Apache/2.4.41 (Win64) OpenSSL/1.1.1c PHP/7.3.10 configured -- resuming normal operations
[Thu Dec 26 22:40:24.215828 2019] [mpm_winnt:notice] [pid 4492:tid 688] AH00456: Apache Lounge VC15 Server built: Aug 11 2019 12:20:04
[Thu Dec 26 22:40:24.223839 2019] [core:notice] [pid 4492:tid 688] AH00094: Command line: 'C:\\Bitnami\\MOODLE~1.2-1\\apache2\\bin\\httpd.exe -d C:/Bitnami/moodle-3.7.2-1/apache2 -f C:\\Bitnami\\MOODLE~1.2-1\\apache2\\conf\\httpd.conf'
[Thu Dec 26 22:40:24.225995 2019] [mpm_winnt:notice] [pid 4492:tid 688] AH00418: Parent: Created child process 7428
[Thu Dec 26 22:40:25.526481 2019] [ssl:warn] [pid 7428:tid 544] AH01909: localhost:443:0 server certificate does NOT include an ID which matches the server name
[Thu Dec 26 22:40:25.671075 2019] [ssl:warn] [pid 7428:tid 544] AH01909: localhost:443:0 server certificate does NOT include an ID which matches the server name
[Thu Dec 26 22:40:25.772984 2019] [mpm_winnt:notice] [pid 7428:tid 544] AH00354: Child: Starting 64 worker threads.
[Wed Jan 01 21:44:08.766491 2020] [mpm_winnt:notice] [pid 4492:tid 688] AH00422: Parent: Received shutdown signal -- Shutting down the server.
[Wed Jan 01 21:44:10.806753 2020] [mpm_winnt:notice] [pid 7428:tid 544] AH00364: Child: All worker threads have exited.
[Wed Jan 01 21:44:10.862749 2020] [mpm_winnt:notice] [pid 4492:tid 688] AH00430: Parent: Child process 7428 exited successfully.
[Wed Jan 01 21:53:15.644872 2020] [ssl:warn] [pid 4752:tid 656] AH01909: localhost:443:0 server certificate does NOT include an ID which matches the server name
[Wed Jan 01 21:53:15.771618 2020] [ssl:warn] [pid 4752:tid 656] AH01909: localhost:443:0 server certificate does NOT include an ID which matches the server name
[Wed Jan 01 21:53:16.033746 2020] [mpm_winnt:notice] [pid 4752:tid 656] AH00455: Apache/2.4.41 (Win64) OpenSSL/1.1.1c PHP/7.3.10 configured -- resuming normal operations
[Wed Jan 01 21:53:16.033746 2020] [mpm_winnt:notice] [pid 4752:tid 656] AH00456: Apache Lounge VC15 Server built: Aug 11 2019 12:20:04
[Wed Jan 01 21:53:16.033746 2020] [core:notice] [pid 4752:tid 656] AH00094: Command line: 'C:\\Bitnami\\MOODLE~1.2-1\\apache2\\bin\\httpd.exe -d C:/Bitnami/moodle-3.7.2-1/apache2 -f C:\\Bitnami\\MOODLE~1.2-1\\apache2\\conf\\httpd.conf'
[Wed Jan 01 21:53:16.043888 2020] [mpm_winnt:notice] [pid 4752:tid 656] AH00418: Parent: Created child process 7992
[Wed Jan 01 21:53:17.819012 2020] [ssl:warn] [pid 7992:tid 580] AH01909: localhost:443:0 server certificate does NOT include an ID which matches the server name
[Wed Jan 01 21:53:17.940728 2020] [ssl:warn] [pid 7992:tid 580] AH01909: localhost:443:0 server certificate does NOT include an ID which matches the server name
[Wed Jan 01 21:53:18.020312 2020] [mpm_winnt:notice] [pid 7992:tid 580] AH00354: Child: Starting 64 worker threads.
[Thu Jan 02 01:08:13.899163 2020] [mpm_winnt:notice] [pid 4752:tid 656] AH00422: Parent: Received shutdown signal -- Shutting down the server.
[Thu Jan 02 01:08:15.909503 2020] [mpm_winnt:notice] [pid 7992:tid 580] AH00364: Child: All worker threads have exited.
[Thu Jan 02 01:08:15.934839 2020] [mpm_winnt:notice] [pid 4752:tid 656] AH00430: Parent: Child process 7992 exited successfully.
[Thu Jan 02 14:42:03.241685 2020] [ssl:warn] [pid 4584:tid 736] AH01909: localhost:443:0 server certificate does NOT include an ID which matches the server name
[Thu Jan 02 14:42:03.322897 2020] [ssl:warn] [pid 4584:tid 736] AH01909: localhost:443:0 server certificate does NOT include an ID which matches the server name
[Thu Jan 02 14:42:03.547138 2020] [mpm_winnt:notice] [pid 4584:tid 736] AH00455: Apache/2.4.41 (Win64) OpenSSL/1.1.1c PHP/7.3.10 configured -- resuming normal operations
[Thu Jan 02 14:42:03.547138 2020] [mpm_winnt:notice] [pid 4584:tid 736] AH00456: Apache Lounge VC15 Server built: Aug 11 2019 12:20:04
[Thu Jan 02 14:42:03.547138 2020] [core:notice] [pid 4584:tid 736] AH00094: Command line: 'C:\\Bitnami\\MOODLE~1.2-1\\apache2\\bin\\httpd.exe -d C:/Bitnami/moodle-3.7.2-1/apache2 -f C:\\Bitnami\\MOODLE~1.2-1\\apache2\\conf\\httpd.conf'
[Thu Jan 02 14:42:03.555231 2020] [mpm_winnt:notice] [pid 4584:tid 736] AH00418: Parent: Created child process 7452
[Thu Jan 02 14:42:09.482045 2020] [ssl:warn] [pid 7452:tid 640] AH01909: localhost:443:0 server certificate does NOT include an ID which matches the server name
[Thu Jan 02 14:42:09.732122 2020] [ssl:warn] [pid 7452:tid 640] AH01909: localhost:443:0 server certificate does NOT include an ID which matches the server name
[Thu Jan 02 14:42:10.363237 2020] [mpm_winnt:notice] [pid 7452:tid 640] AH00354: Child: Starting 64 worker threads.
[Tue Jan 07 11:44:26.484565 2020] [mpm_winnt:notice] [pid 4584:tid 736] AH00422: Parent: Received shutdown signal -- Shutting down the server.
[Tue Jan 07 11:44:28.521564 2020] [mpm_winnt:notice] [pid 7452:tid 640] AH00364: Child: All worker threads have exited.
[Tue Jan 07 11:44:28.559497 2020] [mpm_winnt:notice] [pid 4584:tid 736] AH00430: Parent: Child process 7452 exited successfully.
[Tue Jan 07 11:44:53.065095 2020] [ssl:warn] [pid 4644:tid 128] AH01909: localhost:443:0 server certificate does NOT include an ID which matches the server name
[Tue Jan 07 11:44:53.115709 2020] [ssl:warn] [pid 4644:tid 128] AH01909: localhost:443:0 server certificate does NOT include an ID which matches the server name
[Tue Jan 07 11:44:53.318039 2020] [mpm_winnt:notice] [pid 4644:tid 128] AH00455: Apache/2.4.41 (Win64) OpenSSL/1.1.1c PHP/7.3.10 configured -- resuming normal operations
[Tue Jan 07 11:44:53.318039 2020] [mpm_winnt:notice] [pid 4644:tid 128] AH00456: Apache Lounge VC15 Server built: Aug 11 2019 12:20:04
[Tue Jan 07 11:44:53.318039 2020] [core:notice] [pid 4644:tid 128] AH00094: Command line: 'C:\\Bitnami\\MOODLE~1.2-1\\apache2\\bin\\httpd.exe -d C:/Bitnami/moodle-3.7.2-1/apache2 -f C:\\Bitnami\\MOODLE~1.2-1\\apache2\\conf\\httpd.conf'
[Tue Jan 07 11:44:53.328094 2020] [mpm_winnt:notice] [pid 4644:tid 128] AH00418: Parent: Created child process 7212
[Tue Jan 07 11:44:54.135537 2020] [ssl:warn] [pid 7212:tid 576] AH01909: localhost:443:0 server certificate does NOT include an ID which matches the server name
[Tue Jan 07 11:44:54.177941 2020] [ssl:warn] [pid 7212:tid 576] AH01909: localhost:443:0 server certificate does NOT include an ID which matches the server name
[Tue Jan 07 11:44:54.218243 2020] [mpm_winnt:notice] [pid 7212:tid 576] AH00354: Child: Starting 64 worker threads.
[Wed Jan 08 13:36:37.213788 2020] [mpm_winnt:notice] [pid 4644:tid 128] AH00422: Parent: Received shutdown signal -- Shutting down the server.
[Wed Jan 08 13:36:39.251997 2020] [mpm_winnt:notice] [pid 7212:tid 576] AH00364: Child: All worker threads have exited.
[Wed Jan 08 13:36:39.298874 2020] [mpm_winnt:notice] [pid 4644:tid 128] AH00430: Parent: Child process 7212 exited successfully.
[Thu Jan 09 07:03:03.667650 2020] [ssl:warn] [pid 4700:tid 572] AH01909: localhost:443:0 server certificate does NOT include an ID which matches the server name
[Thu Jan 09 07:03:03.831306 2020] [ssl:warn] [pid 4700:tid 572] AH01909: localhost:443:0 server certificate does NOT include an ID which matches the server name
[Thu Jan 09 07:03:04.086356 2020] [mpm_winnt:notice] [pid 4700:tid 572] AH00455: Apache/2.4.41 (Win64) OpenSSL/1.1.1c PHP/7.3.10 configured -- resuming normal operations
[Thu Jan 09 07:03:04.086356 2020] [mpm_winnt:notice] [pid 4700:tid 572] AH00456: Apache Lounge VC15 Server built: Aug 11 2019 12:20:04
[Thu Jan 09 07:03:04.086356 2020] [core:notice] [pid 4700:tid 572] AH00094: Command line: 'C:\\Bitnami\\MOODLE~1.2-1\\apache2\\bin\\httpd.exe -d C:/Bitnami/moodle-3.7.2-1/apache2 -f C:\\Bitnami\\MOODLE~1.2-1\\apache2\\conf\\httpd.conf'
[Thu Jan 09 07:03:04.114720 2020] [mpm_winnt:notice] [pid 4700:tid 572] AH00418: Parent: Created child process 8128
[Thu Jan 09 07:03:05.710240 2020] [ssl:warn] [pid 8128:tid 580] AH01909: localhost:443:0 server certificate does NOT include an ID which matches the server name
[Thu Jan 09 07:03:05.799623 2020] [ssl:warn] [pid 8128:tid 580] AH01909: localhost:443:0 server certificate does NOT include an ID which matches the server name
[Thu Jan 09 07:03:05.872988 2020] [mpm_winnt:notice] [pid 8128:tid 580] AH00354: Child: Starting 64 worker threads.
[Thu Jan 09 08:58:37.945746 2020] [mpm_winnt:notice] [pid 4700:tid 572] AH00422: Parent: Received shutdown signal -- Shutting down the server.
[Thu Jan 09 08:58:39.964104 2020] [mpm_winnt:notice] [pid 8128:tid 580] AH00364: Child: All worker threads have exited.
[Thu Jan 09 08:58:39.990584 2020] [mpm_winnt:notice] [pid 4700:tid 572] AH00430: Parent: Child process 8128 exited successfully.
[Thu Jan 09 08:59:06.534520 2020] [ssl:warn] [pid 4964:tid 696] AH01909: localhost:443:0 server certificate does NOT include an ID which matches the server name
[Thu Jan 09 08:59:06.626039 2020] [ssl:warn] [pid 4964:tid 696] AH01909: localhost:443:0 server certificate does NOT include an ID which matches the server name
[Thu Jan 09 08:59:06.868252 2020] [mpm_winnt:notice] [pid 4964:tid 696] AH00455: Apache/2.4.41 (Win64) OpenSSL/1.1.1c PHP/7.3.10 configured -- resuming normal operations
[Thu Jan 09 08:59:06.868252 2020] [mpm_winnt:notice] [pid 4964:tid 696] AH00456: Apache Lounge VC15 Server built: Aug 11 2019 12:20:04
[Thu Jan 09 08:59:06.868252 2020] [core:notice] [pid 4964:tid 696] AH00094: Command line: 'C:\\Bitnami\\MOODLE~1.2-1\\apache2\\bin\\httpd.exe -d C:/Bitnami/moodle-3.7.2-1/apache2 -f C:\\Bitnami\\MOODLE~1.2-1\\apache2\\conf\\httpd.conf'
[Thu Jan 09 08:59:06.878337 2020] [mpm_winnt:notice] [pid 4964:tid 696] AH00418: Parent: Created child process 7552
[Thu Jan 09 08:59:09.907119 2020] [ssl:warn] [pid 7552:tid 580] AH01909: localhost:443:0 server certificate does NOT include an ID which matches the server name
[Thu Jan 09 08:59:09.984663 2020] [ssl:warn] [pid 7552:tid 580] AH01909: localhost:443:0 server certificate does NOT include an ID which matches the server name
[Thu Jan 09 08:59:10.053419 2020] [mpm_winnt:notice] [pid 7552:tid 580] AH00354: Child: Starting 64 worker threads.
[Fri Jan 10 08:23:05.999202 2020] [mpm_winnt:notice] [pid 4964:tid 696] AH00422: Parent: Received shutdown signal -- Shutting down the server.
[Fri Jan 10 08:23:08.026805 2020] [mpm_winnt:notice] [pid 7552:tid 580] AH00364: Child: All worker threads have exited.
[Fri Jan 10 08:23:08.058055 2020] [mpm_winnt:notice] [pid 4964:tid 696] AH00430: Parent: Child process 7552 exited successfully.
[Fri Jan 10 08:23:33.186038 2020] [ssl:warn] [pid 4712:tid 704] AH01909: localhost:443:0 server certificate does NOT include an ID which matches the server name
[Fri Jan 10 08:23:33.234784 2020] [ssl:warn] [pid 4712:tid 704] AH01909: localhost:443:0 server certificate does NOT include an ID which matches the server name
[Fri Jan 10 08:23:33.398936 2020] [mpm_winnt:notice] [pid 4712:tid 704] AH00455: Apache/2.4.41 (Win64) OpenSSL/1.1.1c PHP/7.3.10 configured -- resuming normal operations
[Fri Jan 10 08:23:33.398936 2020] [mpm_winnt:notice] [pid 4712:tid 704] AH00456: Apache Lounge VC15 Server built: Aug 11 2019 12:20:04
[Fri Jan 10 08:23:33.398936 2020] [core:notice] [pid 4712:tid 704] AH00094: Command line: 'C:\\Bitnami\\MOODLE~1.2-1\\apache2\\bin\\httpd.exe -d C:/Bitnami/moodle-3.7.2-1/apache2 -f C:\\Bitnami\\MOODLE~1.2-1\\apache2\\conf\\httpd.conf'
[Fri Jan 10 08:23:33.406964 2020] [mpm_winnt:notice] [pid 4712:tid 704] AH00418: Parent: Created child process 7624
[Fri Jan 10 08:23:34.157174 2020] [ssl:warn] [pid 7624:tid 664] AH01909: localhost:443:0 server certificate does NOT include an ID which matches the server name
[Fri Jan 10 08:23:34.207595 2020] [ssl:warn] [pid 7624:tid 664] AH01909: localhost:443:0 server certificate does NOT include an ID which matches the server name
[Fri Jan 10 08:23:34.247905 2020] [mpm_winnt:notice] [pid 7624:tid 664] AH00354: Child: Starting 64 worker threads.
[Sat Jan 11 11:42:07.132050 2020] [mpm_winnt:notice] [pid 4712:tid 704] AH00422: Parent: Received shutdown signal -- Shutting down the server.
[Sat Jan 11 11:42:09.170470 2020] [mpm_winnt:notice] [pid 7624:tid 664] AH00364: Child: All worker threads have exited.
[Sat Jan 11 11:42:09.279842 2020] [mpm_winnt:notice] [pid 4712:tid 704] AH00430: Parent: Child process 7624 exited successfully.
[Sat Jan 11 11:42:32.195988 2020] [ssl:warn] [pid 4640:tid 724] AH01909: localhost:443:0 server certificate does NOT include an ID which matches the server name
[Sat Jan 11 11:42:32.256636 2020] [ssl:warn] [pid 4640:tid 724] AH01909: localhost:443:0 server certificate does NOT include an ID which matches the server name
[Sat Jan 11 11:42:32.428789 2020] [mpm_winnt:notice] [pid 4640:tid 724] AH00455: Apache/2.4.41 (Win64) OpenSSL/1.1.1c PHP/7.3.10 configured -- resuming normal operations
[Sat Jan 11 11:42:32.428789 2020] [mpm_winnt:notice] [pid 4640:tid 724] AH00456: Apache Lounge VC15 Server built: Aug 11 2019 12:20:04
[Sat Jan 11 11:42:32.428789 2020] [core:notice] [pid 4640:tid 724] AH00094: Command line: 'C:\\Bitnami\\MOODLE~1.2-1\\apache2\\bin\\httpd.exe -d C:/Bitnami/moodle-3.7.2-1/apache2 -f C:\\Bitnami\\MOODLE~1.2-1\\apache2\\conf\\httpd.conf'
[Sat Jan 11 11:42:32.436376 2020] [mpm_winnt:notice] [pid 4640:tid 724] AH00418: Parent: Created child process 7636
[Sat Jan 11 11:42:33.117695 2020] [ssl:warn] [pid 7636:tid 648] AH01909: localhost:443:0 server certificate does NOT include an ID which matches the server name
[Sat Jan 11 11:42:33.171050 2020] [ssl:warn] [pid 7636:tid 648] AH01909: localhost:443:0 server certificate does NOT include an ID which matches the server name
[Sat Jan 11 11:42:33.217936 2020] [mpm_winnt:notice] [pid 7636:tid 648] AH00354: Child: Starting 64 worker threads.
[Mon Jan 13 15:44:09.848756 2020] [mpm_winnt:notice] [pid 4640:tid 724] AH00422: Parent: Received shutdown signal -- Shutting down the server.
[Mon Jan 13 15:44:11.876182 2020] [mpm_winnt:notice] [pid 7636:tid 648] AH00364: Child: All worker threads have exited.
[Mon Jan 13 15:44:11.915925 2020] [mpm_winnt:notice] [pid 4640:tid 724] AH00430: Parent: Child process 7636 exited successfully.
[Mon Jan 13 15:44:39.166503 2020] [ssl:warn] [pid 5052:tid 544] AH01909: localhost:443:0 server certificate does NOT include an ID which matches the server name
[Mon Jan 13 15:44:39.245290 2020] [ssl:warn] [pid 5052:tid 544] AH01909: localhost:443:0 server certificate does NOT include an ID which matches the server name
[Mon Jan 13 15:44:39.499608 2020] [mpm_winnt:notice] [pid 5052:tid 544] AH00455: Apache/2.4.41 (Win64) OpenSSL/1.1.1c PHP/7.3.10 configured -- resuming normal operations
[Mon Jan 13 15:44:39.499608 2020] [mpm_winnt:notice] [pid 5052:tid 544] AH00456: Apache Lounge VC15 Server built: Aug 11 2019 12:20:04
[Mon Jan 13 15:44:39.499608 2020] [core:notice] [pid 5052:tid 544] AH00094: Command line: 'C:\\Bitnami\\MOODLE~1.2-1\\apache2\\bin\\httpd.exe -d C:/Bitnami/moodle-3.7.2-1/apache2 -f C:\\Bitnami\\MOODLE~1.2-1\\apache2\\conf\\httpd.conf'
[Mon Jan 13 15:44:39.509748 2020] [mpm_winnt:notice] [pid 5052:tid 544] AH00418: Parent: Created child process 7980
[Mon Jan 13 15:44:40.935476 2020] [ssl:warn] [pid 7980:tid 648] AH01909: localhost:443:0 server certificate does NOT include an ID which matches the server name
[Mon Jan 13 15:44:41.037080 2020] [ssl:warn] [pid 7980:tid 648] AH01909: localhost:443:0 server certificate does NOT include an ID which matches the server name
[Mon Jan 13 15:44:41.116314 2020] [mpm_winnt:notice] [pid 7980:tid 648] AH00354: Child: Starting 64 worker threads.
[Wed Jan 15 11:25:32.737235 2020] [mpm_winnt:notice] [pid 5052:tid 544] AH00422: Parent: Received shutdown signal -- Shutting down the server.
[Wed Jan 15 11:25:34.769893 2020] [mpm_winnt:notice] [pid 7980:tid 648] AH00364: Child: All worker threads have exited.
[Wed Jan 15 11:25:34.808459 2020] [mpm_winnt:notice] [pid 5052:tid 544] AH00430: Parent: Child process 7980 exited successfully.
[Thu Jan 16 10:14:48.025175 2020] [ssl:warn] [pid 5008:tid 120] AH01909: localhost:443:0 server certificate does NOT include an ID which matches the server name
[Thu Jan 16 10:14:48.148349 2020] [ssl:warn] [pid 5008:tid 120] AH01909: localhost:443:0 server certificate does NOT include an ID which matches the server name
[Thu Jan 16 10:14:48.401405 2020] [mpm_winnt:notice] [pid 5008:tid 120] AH00455: Apache/2.4.41 (Win64) OpenSSL/1.1.1c PHP/7.3.10 configured -- resuming normal operations
[Thu Jan 16 10:14:48.401405 2020] [mpm_winnt:notice] [pid 5008:tid 120] AH00456: Apache Lounge VC15 Server built: Aug 11 2019 12:20:04
[Thu Jan 16 10:14:48.401405 2020] [core:notice] [pid 5008:tid 120] AH00094: Command line: 'C:\\Bitnami\\MOODLE~1.2-1\\apache2\\bin\\httpd.exe -d C:/Bitnami/moodle-3.7.2-1/apache2 -f C:\\Bitnami\\MOODLE~1.2-1\\apache2\\conf\\httpd.conf'
[Thu Jan 16 10:14:48.417048 2020] [mpm_winnt:notice] [pid 5008:tid 120] AH00418: Parent: Created child process 5888
[Thu Jan 16 10:14:49.876582 2020] [ssl:warn] [pid 5888:tid 608] AH01909: localhost:443:0 server certificate does NOT include an ID which matches the server name
[Thu Jan 16 10:14:49.968873 2020] [ssl:warn] [pid 5888:tid 608] AH01909: localhost:443:0 server certificate does NOT include an ID which matches the server name
[Thu Jan 16 10:14:50.027728 2020] [mpm_winnt:notice] [pid 5888:tid 608] AH00354: Child: Starting 64 worker threads.
[Thu Jan 16 15:20:40.788360 2020] [mpm_winnt:notice] [pid 5008:tid 120] AH00422: Parent: Received shutdown signal -- Shutting down the server.
[Thu Jan 16 15:20:42.814361 2020] [mpm_winnt:notice] [pid 5888:tid 608] AH00364: Child: All worker threads have exited.
[Thu Jan 16 15:20:42.839276 2020] [mpm_winnt:notice] [pid 5008:tid 120] AH00430: Parent: Child process 5888 exited successfully.
[Fri Jan 17 10:46:23.048300 2020] [ssl:warn] [pid 5068:tid 576] AH01909: localhost:443:0 server certificate does NOT include an ID which matches the server name
[Fri Jan 17 10:46:23.121231 2020] [ssl:warn] [pid 5068:tid 576] AH01909: localhost:443:0 server certificate does NOT include an ID which matches the server name
[Fri Jan 17 10:46:23.354836 2020] [mpm_winnt:notice] [pid 5068:tid 576] AH00455: Apache/2.4.41 (Win64) OpenSSL/1.1.1c PHP/7.3.10 configured -- resuming normal operations
[Fri Jan 17 10:46:23.354836 2020] [mpm_winnt:notice] [pid 5068:tid 576] AH00456: Apache Lounge VC15 Server built: Aug 11 2019 12:20:04
[Fri Jan 17 10:46:23.354836 2020] [core:notice] [pid 5068:tid 576] AH00094: Command line: 'C:\\Bitnami\\MOODLE~1.2-1\\apache2\\bin\\httpd.exe -d C:/Bitnami/moodle-3.7.2-1/apache2 -f C:\\Bitnami\\MOODLE~1.2-1\\apache2\\conf\\httpd.conf'
[Fri Jan 17 10:46:23.373001 2020] [mpm_winnt:notice] [pid 5068:tid 576] AH00418: Parent: Created child process 5084
[Fri Jan 17 10:46:26.131051 2020] [ssl:warn] [pid 5084:tid 588] AH01909: localhost:443:0 server certificate does NOT include an ID which matches the server name
[Fri Jan 17 10:46:26.236715 2020] [ssl:warn] [pid 5084:tid 588] AH01909: localhost:443:0 server certificate does NOT include an ID which matches the server name
[Fri Jan 17 10:46:26.331357 2020] [mpm_winnt:notice] [pid 5084:tid 588] AH00354: Child: Starting 64 worker threads.
[Fri Jan 17 15:02:37.218201 2020] [mpm_winnt:notice] [pid 5068:tid 576] AH00422: Parent: Received shutdown signal -- Shutting down the server.
[Fri Jan 17 15:02:39.239892 2020] [mpm_winnt:notice] [pid 5084:tid 588] AH00364: Child: All worker threads have exited.
[Fri Jan 17 15:02:39.264618 2020] [mpm_winnt:notice] [pid 5068:tid 576] AH00430: Parent: Child process 5084 exited successfully.
[Fri Jan 17 19:08:27.274773 2020] [ssl:warn] [pid 4984:tid 780] AH01909: localhost:443:0 server certificate does NOT include an ID which matches the server name
[Fri Jan 17 19:08:27.366410 2020] [ssl:warn] [pid 4984:tid 780] AH01909: localhost:443:0 server certificate does NOT include an ID which matches the server name
[Fri Jan 17 19:08:27.622920 2020] [mpm_winnt:notice] [pid 4984:tid 780] AH00455: Apache/2.4.41 (Win64) OpenSSL/1.1.1c PHP/7.3.10 configured -- resuming normal operations
[Fri Jan 17 19:08:27.622920 2020] [mpm_winnt:notice] [pid 4984:tid 780] AH00456: Apache Lounge VC15 Server built: Aug 11 2019 12:20:04
[Fri Jan 17 19:08:27.622920 2020] [core:notice] [pid 4984:tid 780] AH00094: Command line: 'C:\\Bitnami\\MOODLE~1.2-1\\apache2\\bin\\httpd.exe -d C:/Bitnami/moodle-3.7.2-1/apache2 -f C:\\Bitnami\\MOODLE~1.2-1\\apache2\\conf\\httpd.conf'
[Fri Jan 17 19:08:27.633009 2020] [mpm_winnt:notice] [pid 4984:tid 780] AH00418: Parent: Created child process 7956
[Fri Jan 17 19:08:29.092400 2020] [ssl:warn] [pid 7956:tid 616] AH01909: localhost:443:0 server certificate does NOT include an ID which matches the server name
[Fri Jan 17 19:08:29.217203 2020] [ssl:warn] [pid 7956:tid 616] AH01909: localhost:443:0 server certificate does NOT include an ID which matches the server name
[Fri Jan 17 19:08:29.298695 2020] [mpm_winnt:notice] [pid 7956:tid 616] AH00354: Child: Starting 64 worker threads.
[Sat Jan 18 20:24:13.250193 2020] [mpm_winnt:notice] [pid 4984:tid 780] AH00422: Parent: Received shutdown signal -- Shutting down the server.
[Sat Jan 18 20:24:15.271877 2020] [mpm_winnt:notice] [pid 7956:tid 616] AH00364: Child: All worker threads have exited.
[Sat Jan 18 20:24:15.302901 2020] [mpm_winnt:notice] [pid 4984:tid 780] AH00430: Parent: Child process 7956 exited successfully.
[Mon Jan 20 06:54:42.615061 2020] [ssl:warn] [pid 4624:tid 776] AH01909: localhost:443:0 server certificate does NOT include an ID which matches the server name
[Mon Jan 20 06:54:42.699743 2020] [ssl:warn] [pid 4624:tid 776] AH01909: localhost:443:0 server certificate does NOT include an ID which matches the server name
[Mon Jan 20 06:54:42.911362 2020] [mpm_winnt:notice] [pid 4624:tid 776] AH00455: Apache/2.4.41 (Win64) OpenSSL/1.1.1c PHP/7.3.10 configured -- resuming normal operations
[Mon Jan 20 06:54:42.911362 2020] [mpm_winnt:notice] [pid 4624:tid 776] AH00456: Apache Lounge VC15 Server built: Aug 11 2019 12:20:04
[Mon Jan 20 06:54:42.911362 2020] [core:notice] [pid 4624:tid 776] AH00094: Command line: 'C:\\Bitnami\\MOODLE~1.2-1\\apache2\\bin\\httpd.exe -d C:/Bitnami/moodle-3.7.2-1/apache2 -f C:\\Bitnami\\MOODLE~1.2-1\\apache2\\conf\\httpd.conf'
[Mon Jan 20 06:54:42.927004 2020] [mpm_winnt:notice] [pid 4624:tid 776] AH00418: Parent: Created child process 6576
[Mon Jan 20 06:54:43.756679 2020] [ssl:warn] [pid 6576:tid 640] AH01909: localhost:443:0 server certificate does NOT include an ID which matches the server name
[Mon Jan 20 06:54:43.827749 2020] [ssl:warn] [pid 6576:tid 640] AH01909: localhost:443:0 server certificate does NOT include an ID which matches the server name
[Mon Jan 20 06:54:43.880839 2020] [mpm_winnt:notice] [pid 6576:tid 640] AH00354: Child: Starting 64 worker threads.
[Thu Jan 23 20:28:18.016347 2020] [mpm_winnt:notice] [pid 4624:tid 776] AH00422: Parent: Received shutdown signal -- Shutting down the server.
[Thu Jan 23 20:28:20.047376 2020] [mpm_winnt:notice] [pid 6576:tid 640] AH00364: Child: All worker threads have exited.
[Thu Jan 23 20:28:20.163470 2020] [mpm_winnt:notice] [pid 4624:tid 776] AH00430: Parent: Child process 6576 exited successfully.
[Thu Jan 23 20:44:34.912743 2020] [ssl:warn] [pid 4684:tid 624] AH01909: localhost:443:0 server certificate does NOT include an ID which matches the server name
[Thu Jan 23 20:44:35.014278 2020] [ssl:warn] [pid 4684:tid 624] AH01909: localhost:443:0 server certificate does NOT include an ID which matches the server name
[Thu Jan 23 20:44:35.225381 2020] [mpm_winnt:notice] [pid 4684:tid 624] AH00455: Apache/2.4.41 (Win64) OpenSSL/1.1.1c PHP/7.3.10 configured -- resuming normal operations
[Thu Jan 23 20:44:35.225381 2020] [mpm_winnt:notice] [pid 4684:tid 624] AH00456: Apache Lounge VC15 Server built: Aug 11 2019 12:20:04
[Thu Jan 23 20:44:35.225381 2020] [core:notice] [pid 4684:tid 624] AH00094: Command line: 'C:\\Bitnami\\MOODLE~1.2-1\\apache2\\bin\\httpd.exe -d C:/Bitnami/moodle-3.7.2-1/apache2 -f C:\\Bitnami\\MOODLE~1.2-1\\apache2\\conf\\httpd.conf'
[Thu Jan 23 20:44:35.235499 2020] [mpm_winnt:notice] [pid 4684:tid 624] AH00418: Parent: Created child process 6612
[Thu Jan 23 20:44:36.064086 2020] [ssl:warn] [pid 6612:tid 544] AH01909: localhost:443:0 server certificate does NOT include an ID which matches the server name
[Thu Jan 23 20:44:36.147956 2020] [ssl:warn] [pid 6612:tid 544] AH01909: localhost:443:0 server certificate does NOT include an ID which matches the server name
[Thu Jan 23 20:44:36.202120 2020] [mpm_winnt:notice] [pid 6612:tid 544] AH00354: Child: Starting 64 worker threads.
[Fri Jan 24 17:01:56.958603 2020] [mpm_winnt:notice] [pid 4684:tid 624] AH00422: Parent: Received shutdown signal -- Shutting down the server.
[Fri Jan 24 17:01:58.999820 2020] [mpm_winnt:notice] [pid 6612:tid 544] AH00364: Child: All worker threads have exited.
[Fri Jan 24 17:01:59.039003 2020] [mpm_winnt:notice] [pid 4684:tid 624] AH00430: Parent: Child process 6612 exited successfully.
[Fri Jan 24 17:02:24.464609 2020] [ssl:warn] [pid 4604:tid 724] AH01909: localhost:443:0 server certificate does NOT include an ID which matches the server name
[Fri Jan 24 17:02:24.555252 2020] [ssl:warn] [pid 4604:tid 724] AH01909: localhost:443:0 server certificate does NOT include an ID which matches the server name
[Fri Jan 24 17:02:24.798257 2020] [mpm_winnt:notice] [pid 4604:tid 724] AH00455: Apache/2.4.41 (Win64) OpenSSL/1.1.1c PHP/7.3.10 configured -- resuming normal operations
[Fri Jan 24 17:02:24.798257 2020] [mpm_winnt:notice] [pid 4604:tid 724] AH00456: Apache Lounge VC15 Server built: Aug 11 2019 12:20:04
[Fri Jan 24 17:02:24.798257 2020] [core:notice] [pid 4604:tid 724] AH00094: Command line: 'C:\\Bitnami\\MOODLE~1.2-1\\apache2\\bin\\httpd.exe -d C:/Bitnami/moodle-3.7.2-1/apache2 -f C:\\Bitnami\\MOODLE~1.2-1\\apache2\\conf\\httpd.conf'
[Fri Jan 24 17:02:24.808660 2020] [mpm_winnt:notice] [pid 4604:tid 724] AH00418: Parent: Created child process 7956
[Fri Jan 24 17:02:26.445005 2020] [ssl:warn] [pid 7956:tid 624] AH01909: localhost:443:0 server certificate does NOT include an ID which matches the server name
[Fri Jan 24 17:02:26.533632 2020] [ssl:warn] [pid 7956:tid 624] AH01909: localhost:443:0 server certificate does NOT include an ID which matches the server name
[Fri Jan 24 17:02:26.631449 2020] [mpm_winnt:notice] [pid 7956:tid 624] AH00354: Child: Starting 64 worker threads.
[Fri Jan 24 17:11:40.045666 2020] [mpm_winnt:notice] [pid 4604:tid 724] AH00422: Parent: Received shutdown signal -- Shutting down the server.
[Fri Jan 24 17:11:42.057358 2020] [mpm_winnt:notice] [pid 7956:tid 624] AH00364: Child: All worker threads have exited.
[Fri Jan 24 17:11:42.083044 2020] [mpm_winnt:notice] [pid 4604:tid 724] AH00430: Parent: Child process 7956 exited successfully.
[Fri Jan 24 17:12:09.072539 2020] [ssl:warn] [pid 5112:tid 700] AH01909: localhost:443:0 server certificate does NOT include an ID which matches the server name
[Fri Jan 24 17:12:09.166192 2020] [ssl:warn] [pid 5112:tid 700] AH01909: localhost:443:0 server certificate does NOT include an ID which matches the server name
[Fri Jan 24 17:12:09.440589 2020] [mpm_winnt:notice] [pid 5112:tid 700] AH00455: Apache/2.4.41 (Win64) OpenSSL/1.1.1c PHP/7.3.10 configured -- resuming normal operations
[Fri Jan 24 17:12:09.440589 2020] [mpm_winnt:notice] [pid 5112:tid 700] AH00456: Apache Lounge VC15 Server built: Aug 11 2019 12:20:04
[Fri Jan 24 17:12:09.440589 2020] [core:notice] [pid 5112:tid 700] AH00094: Command line: 'C:\\Bitnami\\MOODLE~1.2-1\\apache2\\bin\\httpd.exe -d C:/Bitnami/moodle-3.7.2-1/apache2 -f C:\\Bitnami\\MOODLE~1.2-1\\apache2\\conf\\httpd.conf'
[Fri Jan 24 17:12:09.448681 2020] [mpm_winnt:notice] [pid 5112:tid 700] AH00418: Parent: Created child process 5476
[Fri Jan 24 17:12:10.638773 2020] [ssl:warn] [pid 5476:tid 552] AH01909: localhost:443:0 server certificate does NOT include an ID which matches the server name
[Fri Jan 24 17:12:10.750883 2020] [ssl:warn] [pid 5476:tid 552] AH01909: localhost:443:0 server certificate does NOT include an ID which matches the server name
[Fri Jan 24 17:12:10.821863 2020] [mpm_winnt:notice] [pid 5476:tid 552] AH00354: Child: Starting 64 worker threads.
[Wed Jan 29 10:18:48.452248 2020] [mpm_winnt:notice] [pid 5112:tid 700] AH00422: Parent: Received shutdown signal -- Shutting down the server.
[Wed Jan 29 10:18:50.478687 2020] [mpm_winnt:notice] [pid 5476:tid 552] AH00364: Child: All worker threads have exited.
[Wed Jan 29 10:18:50.516053 2020] [mpm_winnt:notice] [pid 5112:tid 700] AH00430: Parent: Child process 5476 exited successfully.
[Wed Jan 29 14:50:20.811801 2020] [ssl:warn] [pid 4432:tid 668] AH01909: localhost:443:0 server certificate does NOT include an ID which matches the server name
[Wed Jan 29 14:50:20.896476 2020] [ssl:warn] [pid 4432:tid 668] AH01909: localhost:443:0 server certificate does NOT include an ID which matches the server name
[Wed Jan 29 14:50:21.159510 2020] [mpm_winnt:notice] [pid 4432:tid 668] AH00455: Apache/2.4.41 (Win64) OpenSSL/1.1.1c PHP/7.3.10 configured -- resuming normal operations
[Wed Jan 29 14:50:21.159510 2020] [mpm_winnt:notice] [pid 4432:tid 668] AH00456: Apache Lounge VC15 Server built: Aug 11 2019 12:20:04
[Wed Jan 29 14:50:21.159510 2020] [core:notice] [pid 4432:tid 668] AH00094: Command line: 'C:\\Bitnami\\MOODLE~1.2-1\\apache2\\bin\\httpd.exe -d C:/Bitnami/moodle-3.7.2-1/apache2 -f C:\\Bitnami\\MOODLE~1.2-1\\apache2\\conf\\httpd.conf'
[Wed Jan 29 14:50:21.169701 2020] [mpm_winnt:notice] [pid 4432:tid 668] AH00418: Parent: Created child process 6764
[Wed Jan 29 14:50:22.342313 2020] [ssl:warn] [pid 6764:tid 656] AH01909: localhost:443:0 server certificate does NOT include an ID which matches the server name
[Wed Jan 29 14:50:22.442271 2020] [ssl:warn] [pid 6764:tid 656] AH01909: localhost:443:0 server certificate does NOT include an ID which matches the server name
[Wed Jan 29 14:50:22.525602 2020] [mpm_winnt:notice] [pid 6764:tid 656] AH00354: Child: Starting 64 worker threads.
[Sun Feb 02 20:17:06.504994 2020] [mpm_winnt:notice] [pid 4432:tid 668] AH00422: Parent: Received shutdown signal -- Shutting down the server.
[Sun Feb 02 20:17:08.530488 2020] [mpm_winnt:notice] [pid 6764:tid 656] AH00364: Child: All worker threads have exited.
[Sun Feb 02 20:17:08.568419 2020] [mpm_winnt:notice] [pid 4432:tid 668] AH00430: Parent: Child process 6764 exited successfully.
[Mon Feb 03 07:01:24.274819 2020] [ssl:warn] [pid 4512:tid 672] AH01909: localhost:443:0 server certificate does NOT include an ID which matches the server name
[Mon Feb 03 07:01:24.356002 2020] [ssl:warn] [pid 4512:tid 672] AH01909: localhost:443:0 server certificate does NOT include an ID which matches the server name
[Mon Feb 03 07:01:24.589708 2020] [mpm_winnt:notice] [pid 4512:tid 672] AH00455: Apache/2.4.41 (Win64) OpenSSL/1.1.1c PHP/7.3.10 configured -- resuming normal operations
[Mon Feb 03 07:01:24.589708 2020] [mpm_winnt:notice] [pid 4512:tid 672] AH00456: Apache Lounge VC15 Server built: Aug 11 2019 12:20:04
[Mon Feb 03 07:01:24.589708 2020] [core:notice] [pid 4512:tid 672] AH00094: Command line: 'C:\\Bitnami\\MOODLE~1.2-1\\apache2\\bin\\httpd.exe -d C:/Bitnami/moodle-3.7.2-1/apache2 -f C:\\Bitnami\\MOODLE~1.2-1\\apache2\\conf\\httpd.conf'
[Mon Feb 03 07:01:24.599807 2020] [mpm_winnt:notice] [pid 4512:tid 672] AH00418: Parent: Created child process 7900
[Mon Feb 03 07:01:26.306692 2020] [ssl:warn] [pid 7900:tid 628] AH01909: localhost:443:0 server certificate does NOT include an ID which matches the server name
[Mon Feb 03 07:01:26.460067 2020] [ssl:warn] [pid 7900:tid 628] AH01909: localhost:443:0 server certificate does NOT include an ID which matches the server name
[Mon Feb 03 07:01:26.543095 2020] [mpm_winnt:notice] [pid 7900:tid 628] AH00354: Child: Starting 64 worker threads.
[Tue Feb 04 19:45:32.933882 2020] [mpm_winnt:notice] [pid 4512:tid 672] AH00422: Parent: Received shutdown signal -- Shutting down the server.
[Tue Feb 04 19:45:34.967625 2020] [mpm_winnt:notice] [pid 7900:tid 628] AH00364: Child: All worker threads have exited.
[Tue Feb 04 19:45:35.006463 2020] [mpm_winnt:notice] [pid 4512:tid 672] AH00430: Parent: Child process 7900 exited successfully.
[Wed Feb 05 07:02:20.584163 2020] [ssl:warn] [pid 4644:tid 704] AH01909: localhost:443:0 server certificate does NOT include an ID which matches the server name
[Wed Feb 05 07:02:20.681642 2020] [ssl:warn] [pid 4644:tid 704] AH01909: localhost:443:0 server certificate does NOT include an ID which matches the server name
[Wed Feb 05 07:02:20.900428 2020] [mpm_winnt:notice] [pid 4644:tid 704] AH00455: Apache/2.4.41 (Win64) OpenSSL/1.1.1c PHP/7.3.10 configured -- resuming normal operations
[Wed Feb 05 07:02:20.900428 2020] [mpm_winnt:notice] [pid 4644:tid 704] AH00456: Apache Lounge VC15 Server built: Aug 11 2019 12:20:04
[Wed Feb 05 07:02:20.900428 2020] [core:notice] [pid 4644:tid 704] AH00094: Command line: 'C:\\Bitnami\\MOODLE~1.2-1\\apache2\\bin\\httpd.exe -d C:/Bitnami/moodle-3.7.2-1/apache2 -f C:\\Bitnami\\MOODLE~1.2-1\\apache2\\conf\\httpd.conf'
[Wed Feb 05 07:02:20.911325 2020] [mpm_winnt:notice] [pid 4644:tid 704] AH00418: Parent: Created child process 7956
[Wed Feb 05 07:02:22.619207 2020] [ssl:warn] [pid 7956:tid 164] AH01909: localhost:443:0 server certificate does NOT include an ID which matches the server name
[Wed Feb 05 07:02:22.718876 2020] [ssl:warn] [pid 7956:tid 164] AH01909: localhost:443:0 server certificate does NOT include an ID which matches the server name
[Wed Feb 05 07:02:22.791410 2020] [mpm_winnt:notice] [pid 7956:tid 164] AH00354: Child: Starting 64 worker threads.
[Sun Feb 09 14:39:00.911586 2020] [mpm_winnt:notice] [pid 4644:tid 704] AH00428: Parent: child process 7956 exited with status 3221226356 -- Restarting.
[Sun Feb 09 14:39:01.935699 2020] [ssl:warn] [pid 4644:tid 704] AH01909: localhost:443:0 server certificate does NOT include an ID which matches the server name
[Sun Feb 09 14:39:02.348184 2020] [mpm_winnt:notice] [pid 4644:tid 704] AH00455: Apache/2.4.41 (Win64) OpenSSL/1.1.1c PHP/7.3.10 configured -- resuming normal operations
[Sun Feb 09 14:39:02.348184 2020] [mpm_winnt:notice] [pid 4644:tid 704] AH00456: Apache Lounge VC15 Server built: Aug 11 2019 12:20:04
[Sun Feb 09 14:39:02.348184 2020] [core:notice] [pid 4644:tid 704] AH00094: Command line: 'C:\\Bitnami\\MOODLE~1.2-1\\apache2\\bin\\httpd.exe -d C:/Bitnami/moodle-3.7.2-1/apache2 -f C:\\Bitnami\\MOODLE~1.2-1\\apache2\\conf\\httpd.conf'
[Sun Feb 09 14:39:02.381267 2020] [mpm_winnt:notice] [pid 4644:tid 704] AH00418: Parent: Created child process 21476
[Sun Feb 09 14:39:02.872095 2020] [ssl:warn] [pid 21476:tid 660] AH01909: localhost:443:0 server certificate does NOT include an ID which matches the server name
[Sun Feb 09 14:39:02.931097 2020] [ssl:warn] [pid 21476:tid 660] AH01909: localhost:443:0 server certificate does NOT include an ID which matches the server name
[Sun Feb 09 14:39:02.967100 2020] [mpm_winnt:notice] [pid 21476:tid 660] AH00354: Child: Starting 64 worker threads.
[Sun Feb 09 15:53:57.115838 2020] [mpm_winnt:notice] [pid 4644:tid 704] AH00422: Parent: Received shutdown signal -- Shutting down the server.
[Sun Feb 09 15:53:59.130863 2020] [mpm_winnt:notice] [pid 21476:tid 660] AH00364: Child: All worker threads have exited.
[Sun Feb 09 15:53:59.195150 2020] [mpm_winnt:notice] [pid 4644:tid 704] AH00430: Parent: Child process 21476 exited successfully.
[Sun Feb 09 15:54:31.252313 2020] [ssl:warn] [pid 5224:tid 796] AH01909: localhost:443:0 server certificate does NOT include an ID which matches the server name
[Sun Feb 09 15:54:31.343943 2020] [ssl:warn] [pid 5224:tid 796] AH01909: localhost:443:0 server certificate does NOT include an ID which matches the server name
[Sun Feb 09 15:54:31.586635 2020] [mpm_winnt:notice] [pid 5224:tid 796] AH00455: Apache/2.4.41 (Win64) OpenSSL/1.1.1c PHP/7.3.10 configured -- resuming normal operations
[Sun Feb 09 15:54:31.586635 2020] [mpm_winnt:notice] [pid 5224:tid 796] AH00456: Apache Lounge VC15 Server built: Aug 11 2019 12:20:04
[Sun Feb 09 15:54:31.586635 2020] [core:notice] [pid 5224:tid 796] AH00094: Command line: 'C:\\Bitnami\\MOODLE~1.2-1\\apache2\\bin\\httpd.exe -d C:/Bitnami/moodle-3.7.2-1/apache2 -f C:\\Bitnami\\MOODLE~1.2-1\\apache2\\conf\\httpd.conf'
[Sun Feb 09 15:54:31.596748 2020] [mpm_winnt:notice] [pid 5224:tid 796] AH00418: Parent: Created child process 7920
[Sun Feb 09 15:54:37.683654 2020] [ssl:warn] [pid 7920:tid 524] AH01909: localhost:443:0 server certificate does NOT include an ID which matches the server name
[Sun Feb 09 15:54:37.789357 2020] [ssl:warn] [pid 7920:tid 524] AH01909: localhost:443:0 server certificate does NOT include an ID which matches the server name
[Sun Feb 09 15:54:38.507815 2020] [mpm_winnt:notice] [pid 7920:tid 524] AH00354: Child: Starting 64 worker threads.
[Sun Feb 09 17:02:36.238384 2020] [mpm_winnt:notice] [pid 5224:tid 796] AH00422: Parent: Received shutdown signal -- Shutting down the server.
[Sun Feb 09 17:02:38.264557 2020] [mpm_winnt:notice] [pid 7920:tid 524] AH00364: Child: All worker threads have exited.
[Sun Feb 09 17:02:38.296998 2020] [mpm_winnt:notice] [pid 5224:tid 796] AH00430: Parent: Child process 7920 exited successfully.
[Sun Feb 09 17:03:03.593627 2020] [ssl:warn] [pid 4944:tid 592] AH01909: localhost:443:0 server certificate does NOT include an ID which matches the server name
[Sun Feb 09 17:03:03.674502 2020] [ssl:warn] [pid 4944:tid 592] AH01909: localhost:443:0 server certificate does NOT include an ID which matches the server name
[Sun Feb 09 17:03:03.847026 2020] [mpm_winnt:notice] [pid 4944:tid 592] AH00455: Apache/2.4.41 (Win64) OpenSSL/1.1.1c PHP/7.3.10 configured -- resuming normal operations
[Sun Feb 09 17:03:03.847026 2020] [mpm_winnt:notice] [pid 4944:tid 592] AH00456: Apache Lounge VC15 Server built: Aug 11 2019 12:20:04
[Sun Feb 09 17:03:03.847026 2020] [core:notice] [pid 4944:tid 592] AH00094: Command line: 'C:\\Bitnami\\MOODLE~1.2-1\\apache2\\bin\\httpd.exe -d C:/Bitnami/moodle-3.7.2-1/apache2 -f C:\\Bitnami\\MOODLE~1.2-1\\apache2\\conf\\httpd.conf'
[Sun Feb 09 17:03:03.847026 2020] [mpm_winnt:notice] [pid 4944:tid 592] AH00418: Parent: Created child process 8048
[Sun Feb 09 17:03:04.540034 2020] [ssl:warn] [pid 8048:tid 628] AH01909: localhost:443:0 server certificate does NOT include an ID which matches the server name
[Sun Feb 09 17:03:04.578384 2020] [ssl:warn] [pid 8048:tid 628] AH01909: localhost:443:0 server certificate does NOT include an ID which matches the server name
[Sun Feb 09 17:03:04.609647 2020] [mpm_winnt:notice] [pid 8048:tid 628] AH00354: Child: Starting 64 worker threads.
[Sun Feb 09 19:44:16.132963 2020] [ssl:warn] [pid 11852:tid 692] AH01909: localhost:443:0 server certificate does NOT include an ID which matches the server name
[Sun Feb 09 19:44:16.211081 2020] [core:warn] [pid 11852:tid 692] AH00098: pid file C:/Bitnami/moodle-3.7.2-1/apache2/logs/httpd.pid overwritten -- Unclean shutdown of previous Apache run?
[Sun Feb 09 19:44:16.211081 2020] [ssl:warn] [pid 11852:tid 692] AH01909: localhost:443:0 server certificate does NOT include an ID which matches the server name
[Sun Feb 09 19:44:16.617321 2020] [mpm_winnt:notice] [pid 11852:tid 692] AH00455: Apache/2.4.41 (Win64) OpenSSL/1.1.1c PHP/7.3.10 configured -- resuming normal operations
[Sun Feb 09 19:44:16.617321 2020] [mpm_winnt:notice] [pid 11852:tid 692] AH00456: Apache Lounge VC15 Server built: Aug 11 2019 12:20:04
[Sun Feb 09 19:44:16.617321 2020] [core:notice] [pid 11852:tid 692] AH00094: Command line: 'C:\\Bitnami\\MOODLE~1.2-1\\apache2\\bin\\httpd.exe -d C:/Bitnami/moodle-3.7.2-1/apache2 -f C:\\Bitnami\\MOODLE~1.2-1\\apache2\\conf\\httpd.conf'
[Sun Feb 09 19:44:16.632947 2020] [mpm_winnt:notice] [pid 11852:tid 692] AH00418: Parent: Created child process 16532
[Sun Feb 09 19:44:17.125238 2020] [ssl:warn] [pid 16532:tid 608] AH01909: localhost:443:0 server certificate does NOT include an ID which matches the server name
[Sun Feb 09 19:44:17.187737 2020] [ssl:warn] [pid 16532:tid 608] AH01909: localhost:443:0 server certificate does NOT include an ID which matches the server name
[Sun Feb 09 19:44:17.234610 2020] [mpm_winnt:notice] [pid 16532:tid 608] AH00354: Child: Starting 64 worker threads.
[Mon Feb 10 12:53:46.228363 2020] [mpm_winnt:notice] [pid 11852:tid 692] AH00422: Parent: Received shutdown signal -- Shutting down the server.
[Mon Feb 10 12:53:48.247310 2020] [mpm_winnt:notice] [pid 16532:tid 608] AH00364: Child: All worker threads have exited.
[Mon Feb 10 12:53:48.300777 2020] [mpm_winnt:notice] [pid 11852:tid 692] AH00430: Parent: Child process 16532 exited successfully.
[Tue Feb 11 07:15:22.804115 2020] [ssl:warn] [pid 5628:tid 696] AH01909: localhost:443:0 server certificate does NOT include an ID which matches the server name
[Tue Feb 11 07:15:22.885393 2020] [ssl:warn] [pid 5628:tid 696] AH01909: localhost:443:0 server certificate does NOT include an ID which matches the server name
[Tue Feb 11 07:15:23.109507 2020] [mpm_winnt:notice] [pid 5628:tid 696] AH00455: Apache/2.4.41 (Win64) OpenSSL/1.1.1c PHP/7.3.10 configured -- resuming normal operations
[Tue Feb 11 07:15:23.109507 2020] [mpm_winnt:notice] [pid 5628:tid 696] AH00456: Apache Lounge VC15 Server built: Aug 11 2019 12:20:04
[Tue Feb 11 07:15:23.109507 2020] [core:notice] [pid 5628:tid 696] AH00094: Command line: 'C:\\Bitnami\\MOODLE~1.2-1\\apache2\\bin\\httpd.exe -d C:/Bitnami/moodle-3.7.2-1/apache2 -f C:\\Bitnami\\MOODLE~1.2-1\\apache2\\conf\\httpd.conf'
[Tue Feb 11 07:15:23.119696 2020] [mpm_winnt:notice] [pid 5628:tid 696] AH00418: Parent: Created child process 5800
[Tue Feb 11 07:15:24.457270 2020] [ssl:warn] [pid 5800:tid 704] AH01909: localhost:443:0 server certificate does NOT include an ID which matches the server name
